1586075372577:sa
1586083692927:fa
1586099774718:ab
1586099866378:fa
1586099914584:stacktrace
1586100392450:ab
1586100502020:fb
1586100646683:fa
1586100913225:fb
1586100983821:ab
1586100992414:fb
1586101421774:ab
1586101430510:fb
1586101641771:ab
1586102299059:вф
1586102300264:da
1586102307109:db
1586102321694:sb
1586102504224:ab
1586102507654:sb
1586102513317:fb
1586102534080:ab
1586102537257:sb
1586102541189:fb
1586102560721:sb
1586102562393:ab
1586102567936:fb
1586102682881:123
1586102687409:ab
1586102695047:fb
1586102700916:ab
1586102703970:fb
1586103370004:ab
1586103374450:fab
1586103399739:sb
1586103403445:ab
1586103412038:sab
1586103414108:fab
1586193482970:fb
1586193564727:stacktrace
1586193624285:fb
1586193660212:аи
1586193662571:fb
1586194124155:stacktrace
1586194198440:fb1
1586194201175:fb
1586194308708:stacktrace
1586194456399:fb
1586195861130:stacktrace
1586196017451:fb
1586196334827:stacktrace
1586196938551:fb
