1586966158743:sa --id 0 --name 123
1586966250973:aa --name 123
1586966291556:aa --name 1
1587042096841:gc --id 1
1587042103181:gb --id 1
1587042321754:gg --id 1
1587044544199:ga --id 1
1587044948113:ga --id 2
1587044952144:ga --id 3
1587044979348:da --id 1
1587045013451:ga --id 1
1587045106916:--id 1
1587045111159:ga --id 1
1587045113795:ga --id
1587045120104:ga --id 7
1587045221921:ga --id 1
1587045225690:ga --id 7
1587045382885:ga --id 1
1587045385506:ga --id 7
1587045440231:gb --id 1
1587045523645:db --id 1
1587045532770:stacktrace
1587045832742:ga --id 1
1587045836741:da --id 1
1587045852158:ga --id 1
1587045855261:da --id 1
1587045873494:stacktrace
1587047347009:da --1
1587047352898:da --id 1
1587047777507:gb --id 1
1587047781862:ga --id 1
1587048287677:dc --id 1
1587048291121:da --id 1
1587048296166:db --id 1
1587048299122:dc --id 1
1587048346730:gb --id 1
1587048349559:gb --id 2
1587048375625:ga --id 1
1587048424339:gb --id 1
1587048610048:gba
1587048739533:gg --id 1
1587048744320:ga --id 1
1587048750585:gb --id 1
1587048754145:gc --id 1
1587048849673:gb --id 1
1587052733651:gcb --id 1
1587052739557:gcb --id 2
1587052778910:gcb --id 1
1587052816642:gb --id 1
